# JRE version: 7.0_17-b02
# Java VM: Java HotSpot(TM) 64-Bit Server VM (23.7-b01 mixed mode windows-amd64 compressed oops)
Heap
 PSYoungGen      total 5440K, used 4301K [0x00000000eaab0000, 0x00000000eb030000, 0x0000000100000000)
  eden space 5248K, 79% used [0x00000000eaab0000,0x00000000eaec34e0,0x00000000eafd0000)
  from space 192K, 66% used [0x00000000eb000000,0x00000000eb020000,0x00000000eb030000)
  to   space 192K, 0% used [0x00000000eafd0000,0x00000000eafd0000,0x00000000eb000000)
 ParOldGen       total 43712K, used 23370K [0x00000000c0000000, 0x00000000c2ab0000, 0x00000000eaab0000)
  object space 43712K, 53% used [0x00000000c0000000,0x00000000c16d29b0,0x00000000c2ab0000)
 PSPermGen       total 21248K, used 13794K [0x00000000bae00000, 0x00000000bc2c0000, 0x00000000c0000000)
  object space 21248K, 64% used [0x00000000bae00000,0x00000000bbb789d0,0x00000000bc2c0000)
GC Heap History (10 events):
Event: 330.099 GC heap before
{Heap before GC invocations=146 (full 0):
 PSYoungGen      total 5440K, used 4775K [0x00000000eaab0000, 0x00000000eb030000, 0x0000000100000000)
  eden space 5248K, 89% used [0x00000000eaab0000,0x00000000eaf49ce8,0x00000000eafd0000)
  from space 192K, 33% used [0x00000000eafd0000,0x00000000eafe0000,0x00000000eb000000)
  to   space 192K, 0% used [0x00000000eb000000,0x00000000eb000000,0x00000000eb030000)
 ParOldGen       total 43712K, used 22322K [0x00000000c0000000, 0x00000000c2ab0000, 0x00000000eaab0000)
  object space 43712K, 51% used [0x00000000c0000000,0x00000000c15cc810,0x00000000c2ab0000)
 PSPermGen       total 21248K, used 13374K [0x00000000bae00000, 0x00000000bc2c0000, 0x00000000c0000000)
  object space 21248K, 62% used [0x00000000bae00000,0x00000000bbb0fb28,0x00000000bc2c0000)
Event: 330.100 GC heap after
Heap after GC invocations=146 (full 0):
 PSYoungGen      total 5440K, used 96K [0x00000000eaab0000, 0x00000000eb030000, 0x0000000100000000)
  eden space 5248K, 0% used [0x00000000eaab0000,0x00000000eaab0000,0x00000000eafd0000)
  from space 192K, 50% used [0x00000000eb000000,0x00000000eb018000,0x00000000eb030000)
  to   space 192K, 0% used [0x00000000eafd0000,0x00000000eafd0000,0x00000000eb000000)
 ParOldGen       total 43712K, used 23230K [0x00000000c0000000, 0x00000000c2ab0000, 0x00000000eaab0000)
  object space 43712K, 53% used [0x00000000c0000000,0x00000000c16af820,0x00000000c2ab0000)
 PSPermGen       total 21248K, used 13374K [0x00000000bae00000, 0x00000000bc2c0000, 0x00000000c0000000)
  object space 21248K, 62% used [0x00000000bae00000,0x00000000bbb0fb28,0x00000000bc2c0000)
}
Event: 337.772 GC heap before
{Heap before GC invocations=147 (full 0):
 PSYoungGen      total 5440K, used 5344K [0x00000000eaab0000, 0x00000000eb030000, 0x0000000100000000)
  eden space 5248K, 100% used [0x00000000eaab0000,0x00000000eafd0000,0x00000000eafd0000)
  from space 192K, 50% used [0x00000000eb000000,0x00000000eb018000,0x00000000eb030000)
  to   space 192K, 0% used [0x00000000eafd0000,0x00000000eafd0000,0x00000000eb000000)
 ParOldGen       total 43712K, used 23230K [0x00000000c0000000, 0x00000000c2ab0000, 0x00000000eaab0000)
  object space 43712K, 53% used [0x00000000c0000000,0x00000000c16af820,0x00000000c2ab0000)
 PSPermGen       total 21248K, used 13487K [0x00000000bae00000, 0x00000000bc2c0000, 0x00000000c0000000)
  object space 21248K, 63% used [0x00000000bae00000,0x00000000bbb2bd80,0x00000000bc2c0000)
Event: 337.773 GC heap after
Heap after GC invocations=147 (full 0):
 PSYoungGen      total 5440K, used 160K [0x00000000eaab0000, 0x00000000eb030000, 0x0000000100000000)
  eden space 5248K, 0% used [0x00000000eaab0000,0x00000000eaab0000,0x00000000eafd0000)
  from space 192K, 83% used [0x00000000eafd0000,0x00000000eaff8000,0x00000000eb000000)
  to   space 192K, 0% used [0x00000000eb000000,0x00000000eb000000,0x00000000eb030000)
 ParOldGen       total 43712K, used 23246K [0x00000000c0000000, 0x00000000c2ab0000, 0x00000000eaab0000)
  object space 43712K, 53% used [0x00000000c0000000,0x00000000c16b3820,0x00000000c2ab0000)
 PSPermGen       total 21248K, used 13487K [0x00000000bae00000, 0x00000000bc2c0000, 0x00000000c0000000)
  object space 21248K, 63% used [0x00000000bae00000,0x00000000bbb2bd80,0x00000000bc2c0000)
}
Event: 345.693 GC heap before
{Heap before GC invocations=148 (full 0):
 PSYoungGen      total 5440K, used 5408K [0x00000000eaab0000, 0x00000000eb030000, 0x0000000100000000)
  eden space 5248K, 100% used [0x00000000eaab0000,0x00000000eafd0000,0x00000000eafd0000)
  from space 192K, 83% used [0x00000000eafd0000,0x00000000eaff8000,0x00000000eb000000)
  to   space 192K, 0% used [0x00000000eb000000,0x00000000eb000000,0x00000000eb030000)
 ParOldGen       total 43712K, used 23246K [0x00000000c0000000, 0x00000000c2ab0000, 0x00000000eaab0000)
  object space 43712K, 53% used [0x00000000c0000000,0x00000000c16b3820,0x00000000c2ab0000)
 PSPermGen       total 21248K, used 13601K [0x00000000bae00000, 0x00000000bc2c0000, 0x00000000c0000000)
  object space 21248K, 64% used [0x00000000bae00000,0x00000000bbb48748,0x00000000bc2c0000)
Event: 345.694 GC heap after
Heap after GC invocations=148 (full 0):
 PSYoungGen      total 5440K, used 128K [0x00000000eaab0000, 0x00000000eb030000, 0x0000000100000000)
  eden space 5248K, 0% used [0x00000000eaab0000,0x00000000eaab0000,0x00000000eafd0000)
  from space 192K, 66% used [0x00000000eb000000,0x00000000eb020000,0x00000000eb030000)
  to   space 192K, 0% used [0x00000000eafd0000,0x00000000eafd0000,0x00000000eb000000)
 ParOldGen       total 43712K, used 23322K [0x00000000c0000000, 0x00000000c2ab0000, 0x00000000eaab0000)
  object space 43712K, 53% used [0x00000000c0000000,0x00000000c16c69b0,0x00000000c2ab0000)
 PSPermGen       total 21248K, used 13601K [0x00000000bae00000, 0x00000000bc2c0000, 0x00000000c0000000)
  object space 21248K, 64% used [0x00000000bae00000,0x00000000bbb48748,0x00000000bc2c0000)
}
Event: 350.432 GC heap before
{Heap before GC invocations=149 (full 0):
 PSYoungGen      total 5440K, used 5376K [0x00000000eaab0000, 0x00000000eb030000, 0x0000000100000000)
  eden space 5248K, 100% used [0x00000000eaab0000,0x00000000eafd0000,0x00000000eafd0000)
  from space 192K, 66% used [0x00000000eb000000,0x00000000eb020000,0x00000000eb030000)
  to   space 192K, 0% used [0x00000000eafd0000,0x00000000eafd0000,0x00000000eb000000)
 ParOldGen       total 43712K, used 23322K [0x00000000c0000000, 0x00000000c2ab0000, 0x00000000eaab0000)
  object space 43712K, 53% used [0x00000000c0000000,0x00000000c16c69b0,0x00000000c2ab0000)
 PSPermGen       total 21248K, used 13663K [0x00000000bae00000, 0x00000000bc2c0000, 0x00000000c0000000)
  object space 21248K, 64% used [0x00000000bae00000,0x00000000bbb57c98,0x00000000bc2c0000)
Event: 350.433 GC heap after
Heap after GC invocations=149 (full 0):
 PSYoungGen      total 5440K, used 96K [0x00000000eaab0000, 0x00000000eb030000, 0x0000000100000000)
  eden space 5248K, 0% used [0x00000000eaab0000,0x00000000eaab0000,0x00000000eafd0000)
  from space 192K, 50% used [0x00000000eafd0000,0x00000000eafe8000,0x00000000eb000000)
  to   space 192K, 0% used [0x00000000eb000000,0x00000000eb000000,0x00000000eb030000)
 ParOldGen       total 43712K, used 23346K [0x00000000c0000000, 0x00000000c2ab0000, 0x00000000eaab0000)
  object space 43712K, 53% used [0x00000000c0000000,0x00000000c16cc9b0,0x00000000c2ab0000)
 PSPermGen       total 21248K, used 13663K [0x00000000bae00000, 0x00000000bc2c0000, 0x00000000c0000000)
  object space 21248K, 64% used [0x00000000bae00000,0x00000000bbb57c98,0x00000000bc2c0000)
}
Event: 363.438 GC heap before
{Heap before GC invocations=150 (full 0):
 PSYoungGen      total 5440K, used 5344K [0x00000000eaab0000, 0x00000000eb030000, 0x0000000100000000)
  eden space 5248K, 100% used [0x00000000eaab0000,0x00000000eafd0000,0x00000000eafd0000)
  from space 192K, 50% used [0x00000000eafd0000,0x00000000eafe8000,0x00000000eb000000)
  to   space 192K, 0% used [0x00000000eb000000,0x00000000eb000000,0x00000000eb030000)
 ParOldGen       total 43712K, used 23346K [0x00000000c0000000, 0x00000000c2ab0000, 0x00000000eaab0000)
  object space 43712K, 53% used [0x00000000c0000000,0x00000000c16cc9b0,0x00000000c2ab0000)
 PSPermGen       total 21248K, used 13678K [0x00000000bae00000, 0x00000000bc2c0000, 0x00000000c0000000)
  object space 21248K, 64% used [0x00000000bae00000,0x00000000bbb5b930,0x00000000bc2c0000)
Event: 363.439 GC heap after
Heap after GC invocations=150 (full 0):
 PSYoungGen      total 5440K, used 128K [0x00000000eaab0000, 0x00000000eb030000, 0x0000000100000000)
  eden space 5248K, 0% used [0x00000000eaab0000,0x00000000eaab0000,0x00000000eafd0000)
  from space 192K, 66% used [0x00000000eb000000,0x00000000eb020000,0x00000000eb030000)
  to   space 192K, 0% used [0x00000000eafd0000,0x00000000eafd0000,0x00000000eb000000)
 ParOldGen       total 43712K, used 23370K [0x00000000c0000000, 0x00000000c2ab0000, 0x00000000eaab0000)
  object space 43712K, 53% used [0x00000000c0000000,0x00000000c16d29b0,0x00000000c2ab0000)
 PSPermGen       total 21248K, used 13678K [0x00000000bae00000, 0x00000000bc2c0000, 0x00000000c0000000)
  object space 21248K, 64% used [0x00000000bae00000,0x00000000bbb5b930,0x00000000bc2c0000)
}

